<?xml version="1.0" encoding="UTF-8"?>
<!-- Generated by org.testng.reporters.JUnitXMLReporter -->
<testsuite ignored="0" hostname="DESKTOP-QJ3QPCM" failures="0" tests="5" name="chromeTest" time="25.465" errors="0" timestamp="2025-02-28T13:58:37 IST">
  <testcase classname="testPackage.TestClass" name="verifTtextOnProductpage" time="5.676"/>
  <testcase classname="testPackage.TestClass" name="a" time="0.006"/>
  <testcase classname="testPackage.TestClass" name="b" time="0.002"/>
  <testcase classname="testPackage.TestClass" name="b" time="0.001"/>
  <testcase classname="testPackage.TestClass" name="c" time="0.004"/>
</testsuite> <!-- chromeTest -->
