<?xml version="1.0" encoding="UTF-8"?>
<!-- Generated by org.testng.reporters.JUnitXMLReporter -->
<testsuite ignored="0" hostname="DESKTOP-QJ3QPCM" failures="0" tests="5" name="chromeTest" time="0.39" errors="0" timestamp="2025-02-19T23:08:54 IST">
  <testcase classname="testPackage.TestClass" name="@BeforeClass beforeclass" time="0.2">
    <failure type="java.lang.NullPointerException" message="Cannot invoke &amp;quot;String.equals(Object)&amp;quot; because &amp;quot;browser&amp;quot; is null">
      <![CDATA[java.lang.NullPointerException: Cannot invoke "String.equals(Object)" because "browser" is null
at basePackage.BaseClass.launchBrowser(BaseClass.java:22)
at testPackage.TestClass.beforeclass(TestClass.java:49)
at java.base/java.util.ArrayList.forEach(ArrayList.java:1597)
at java.base/java.util.concurrent.FutureTask.run(FutureTask.java:317)
at java.base/java.util.concurrent.ThreadPoolExecutor.runWorker(ThreadPoolExecutor.java:1144)
at java.base/java.util.concurrent.ThreadPoolExecutor$Worker.run(ThreadPoolExecutor.java:642)
at java.base/java.lang.Thread.run(Thread.java:1575)
... Removed 13 stack frames]]>
    </failure>
  </testcase> <!-- @BeforeClass beforeclass -->
  <testcase classname="testPackage.TestClass" name="@BeforeMethod beforemethod" time="0.0">
    <skipped/>
  </testcase> <!-- @BeforeMethod beforemethod -->
  <testcase classname="testPackage.TestClass" name="@AfterMethod closeapp" time="0.0">
    <skipped/>
  </testcase> <!-- @AfterMethod closeapp -->
  <testcase classname="testPackage.TestClass" name="@BeforeMethod beforemethod" time="0.0">
    <skipped/>
  </testcase> <!-- @BeforeMethod beforemethod -->
  <testcase classname="testPackage.TestClass" name="@AfterMethod closeapp" time="0.0">
    <skipped/>
  </testcase> <!-- @AfterMethod closeapp -->
  <testcase classname="testPackage.TestClass" name="@BeforeMethod beforemethod" time="0.0">
    <skipped/>
  </testcase> <!-- @BeforeMethod beforemethod -->
  <testcase classname="testPackage.TestClass" name="@AfterMethod closeapp" time="0.0">
    <skipped/>
  </testcase> <!-- @AfterMethod closeapp -->
  <testcase classname="testPackage.TestClass" name="@BeforeMethod beforemethod" time="0.0">
    <skipped/>
  </testcase> <!-- @BeforeMethod beforemethod -->
  <testcase classname="testPackage.TestClass" name="@AfterMethod closeapp" time="0.0">
    <skipped/>
  </testcase> <!-- @AfterMethod closeapp -->
  <testcase classname="testPackage.TestClass" name="@AfterClass closeApp" time="0.0">
    <skipped/>
  </testcase> <!-- @AfterClass closeApp -->
  <testcase classname="testPackage.TestClass" name="verifTtextOnProductpage" time="0.0">
    <skipped/>
  </testcase> <!-- verifTtextOnProductpage -->
  <testcase classname="testPackage.TestClass" name="a" time="0.0">
    <skipped/>
  </testcase> <!-- a -->
  <testcase classname="testPackage.TestClass" name="b" time="0.001">
    <skipped/>
  </testcase> <!-- b -->
  <testcase classname="testPackage.TestClass" name="b" time="0.0">
    <skipped/>
  </testcase> <!-- b -->
  <testcase classname="testPackage.TestClass" name="c" time="0.001">
    <skipped/>
  </testcase> <!-- c -->
</testsuite> <!-- chromeTest -->
