<?xml version="1.0" encoding="UTF-8"?>
<!-- Generated by org.testng.reporters.JUnitXMLReporter -->
<testsuite ignored="0" hostname="DESKTOP-QJ3QPCM" failures="1" tests="5" name="firefoxTest3" time="28.071" errors="0" timestamp="2025-02-20T00:21:07 IST">
  <testcase classname="testPackage.TestClass" name="verifTtextOnProductpage" time="6.269"/>
  <testcase classname="testPackage.TestClass" name="a" time="0.012"/>
  <testcase classname="testPackage.TestClass" name="b" time="0.006"/>
  <testcase classname="testPackage.TestClass" name="b" time="0.005"/>
  <testcase classname="testPackage.TestClass" name="c" time="0.005">
    <failure type="java.lang.AssertionError" message="null">
      <![CDATA[java.lang.AssertionError: null
at testPackage.TestClass.c(TestClass.java:90)
at java.base/java.util.ArrayList.forEach(ArrayList.java:1597)
... Removed 27 stack frames]]>
    </failure>
  </testcase> <!-- c -->
</testsuite> <!-- firefoxTest3 -->
