<?xml version="1.0" encoding="UTF-8"?>
<!-- Generated by org.testng.reporters.JUnitXMLReporter -->
<testsuite ignored="0" hostname="DESKTOP-QJ3QPCM" failures="0" tests="3" name="Test" time="57.398" errors="0" timestamp="2025-02-17T11:58:47 IST">
  <testcase classname="testPackage.TestClass" name="verifTtextOnProductpage" time="0.128"/>
  <testcase classname="testPackage.Test3" name="verifTtextOnProductpage" time="0.278"/>
  <testcase classname="testPackage.Test2" name="verifTtextOnProductpage" time="0.237"/>
</testsuite> <!-- Test -->
