<?xml version="1.0" encoding="UTF-8"?>
<!-- Generated by org.testng.reporters.JUnitXMLReporter -->
<testsuite ignored="0" hostname="DESKTOP-QJ3QPCM" failures="0" tests="5" name="edgeTest" time="37.016" errors="0" timestamp="2025-02-28T14:42:01 IST">
  <testcase classname="testPackage.TestClass" name="verifTtextOnProductpage" time="6.78"/>
  <testcase classname="testPackage.TestClass" name="a" time="0.0">
    <skipped/>
  </testcase> <!-- a -->
  <testcase classname="testPackage.TestClass" name="b" time="0.0">
    <skipped/>
  </testcase> <!-- b -->
  <testcase classname="testPackage.TestClass" name="b" time="0.0">
    <skipped/>
  </testcase> <!-- b -->
  <testcase classname="testPackage.TestClass" name="c" time="0.0">
    <skipped/>
  </testcase> <!-- c -->
</testsuite> <!-- edgeTest -->
