<?xml version="1.0" encoding="UTF-8"?>
<!-- Generated by org.testng.reporters.JUnitXMLReporter -->
<testsuite ignored="0" hostname="DESKTOP-QJ3QPCM" failures="1" tests="5" name="firefoxTest" time="44.816" errors="0" timestamp="2025-02-27T11:42:29 IST">
  <testcase classname="testPackage.TestClass" name="verifTtextOnProductpage" time="5.954"/>
  <testcase classname="testPackage.TestClass" name="a" time="0.011"/>
  <testcase classname="testPackage.TestClass" name="b" time="0.005"/>
  <testcase classname="testPackage.TestClass" name="b" time="0.004"/>
  <testcase classname="testPackage.TestClass" name="c" time="0.003">
    <failure type="java.lang.AssertionError" message="null">
      <![CDATA[java.lang.AssertionError: null
at testPackage.TestClass.c(TestClass.java:90)
at java.base/java.util.ArrayList.forEach(ArrayList.java:1597)
at java.base/java.util.concurrent.FutureTask.run(FutureTask.java:317)
at java.base/java.util.concurrent.ThreadPoolExecutor.runWorker(ThreadPoolExecutor.java:1144)
at java.base/java.util.concurrent.ThreadPoolExecutor$Worker.run(ThreadPoolExecutor.java:642)
at java.base/java.lang.Thread.run(Thread.java:1575)
... Removed 17 stack frames]]>
    </failure>
  </testcase> <!-- c -->
</testsuite> <!-- firefoxTest -->
