<?xml version="1.0" encoding="UTF-8"?>
<testsuite xmlns:xsi="http://www.w3.org/2001/XMLSchema-instance" xsi:noNamespaceSchemaLocation="https://maven.apache.org/surefire/maven-surefire-plugin/xsd/surefire-test-report.xsd" version="3.0.2" name="TestSuite" time="46.959" tests="35" errors="0" skipped="26" failures="2">
  <properties>
[...]
</properties>
  <testcase name="verifTtextOnProductpage" classname="testPackage.TestClass" time="6.119">
    <system-out><![CDATA[ INFO [TestNG-tests-1] (TestClass.java:47)- launching the Application
 INFO [TestNG-tests-3] (TestClass.java:47)- launching the Application
 INFO [TestNG-tests-2] (TestClass.java:47)- launching the Application
Actual1: Epilators & Trimmers
Actual1: Epilators & Trimmers
Expected1: Epilators & Trimmers
]]></system-out>
    <system-err><![CDATA[SLF4J: No SLF4J providers were found.
SLF4J: Defaulting to no-operation (NOP) logger implementation
SLF4J: See https://www.slf4j.org/codes.html#noProviders for further details.
Feb 28, 2025 2:41:27 PM org.openqa.selenium.devtools.CdpVersionFinder findNearestMatch
WARNING: Unable to find an exact match for CDP version 133, returning the closest version; found: 132; Please update to a Selenium version that supports CDP version 133
Feb 28, 2025 2:41:30 PM org.openqa.selenium.devtools.CdpVersionFinder findNearestMatch
WARNING: Unable to find an exact match for CDP version 133, returning the closest version; found: 132; Please update to a Selenium version that supports CDP version 133
Feb 28, 2025 2:41:34 PM org.openqa.selenium.firefox.FirefoxDriver <init>
WARNING: CDP support for Firefox is deprecated and will be removed in future versions. Please switch to WebDriver BiDi.
]]></system-err>
  </testcase>
  <testcase name="verifTtextOnProductpage" classname="testPackage.TestClass" time="6.848">
    <system-out><![CDATA[Testcase verifTtextOnProductpage is passed
Actual1: Epilators & Trimmers
Expected1: Epilators & Trimmers
]]></system-out>
  </testcase>
  <testcase name="verifTtextOnProductpage" classname="testPackage.TestClass" time="6.908">
    <system-out><![CDATA[Testcase verifTtextOnProductpage is passed
Expected1: Epilators & Trimmers
]]></system-out>
  </testcase>
  <testcase name="closTheApplication" classname="testPackage.TestClass" time="9.304">
    <failure message="Timed out waiting for driver server to stop.&#10;Build info: version: &apos;4.28.1&apos;, revision: &apos;73f5ad48a2&apos;&#10;System info: os.name: &apos;Windows 10&apos;, os.arch: &apos;amd64&apos;, os.version: &apos;10.0&apos;, java.version: &apos;23.0.2&apos;&#10;Driver info: org.openqa.selenium.firefox.FirefoxDriver&#10;Command: [6514ed90-696c-4665-8008-1ec692782c2e, quit {}]&#10;Capabilities {acceptInsecureCerts: true, browserName: firefox, browserVersion: 135.0.1, moz:accessibilityChecks: false, moz:buildID: 20250216192613, moz:debuggerAddress: 127.0.0.1:46248, moz:geckodriverVersion: 0.36.0, moz:headless: false, moz:platformVersion: 10.0, moz:processID: 10204, moz:profile: C:\Users\Personal\AppData\L..., moz:shutdownTimeout: 60000, moz:webdriverClick: true, moz:windowless: false, pageLoadStrategy: normal, platformName: windows, proxy: Proxy(), se:cdp: ws://127.0.0.1:46248/devtoo..., se:cdpVersion: 85.0, setWindowRect: true, strictFileInteractability: false, timeouts: {implicit: 0, pageLoad: 300000, script: 30000}, unhandledPromptBehavior: dismiss and notify, userAgent: Mozilla/5.0 (Windows NT 10....}" type="org.openqa.selenium.WebDriverException"><![CDATA[org.openqa.selenium.WebDriverException: 
Timed out waiting for driver server to stop.
Build info: version: '4.28.1', revision: '73f5ad48a2'
System info: os.name: 'Windows 10', os.arch: 'amd64', os.version: '10.0', java.version: '23.0.2'
Driver info: org.openqa.selenium.firefox.FirefoxDriver
Command: [6514ed90-696c-4665-8008-1ec692782c2e, quit {}]
Capabilities {acceptInsecureCerts: true, browserName: firefox, browserVersion: 135.0.1, moz:accessibilityChecks: false, moz:buildID: 20250216192613, moz:debuggerAddress: 127.0.0.1:46248, moz:geckodriverVersion: 0.36.0, moz:headless: false, moz:platformVersion: 10.0, moz:processID: 10204, moz:profile: C:\Users\Personal\AppData\L..., moz:shutdownTimeout: 60000, moz:webdriverClick: true, moz:windowless: false, pageLoadStrategy: normal, platformName: windows, proxy: Proxy(), se:cdp: ws://127.0.0.1:46248/devtoo..., se:cdpVersion: 85.0, setWindowRect: true, strictFileInteractability: false, timeouts: {implicit: 0, pageLoad: 300000, script: 30000}, unhandledPromptBehavior: dismiss and notify, userAgent: Mozilla/5.0 (Windows NT 10....}
	at org.openqa.selenium.remote.service.DriverCommandExecutor.execute(DriverCommandExecutor.java:164)
	at org.openqa.selenium.remote.RemoteWebDriver.execute(RemoteWebDriver.java:545)
	at org.openqa.selenium.remote.RemoteWebDriver.execute(RemoteWebDriver.java:618)
	at org.openqa.selenium.remote.RemoteWebDriver.execute(RemoteWebDriver.java:622)
	at org.openqa.selenium.remote.RemoteWebDriver.quit(RemoteWebDriver.java:446)
	at org.openqa.selenium.firefox.FirefoxDriver.quit(FirefoxDriver.java:404)
	at basePackage.BaseClass.closeBrowser(BaseClass.java:51)
	at testPackage.TestClass.closTheApplication(TestClass.java:97)
	at java.base/jdk.internal.reflect.DirectMethodHandleAccessor.invoke(DirectMethodHandleAccessor.java:103)
	at java.base/java.lang.reflect.Method.invoke(Method.java:580)
	at org.testng.internal.invokers.MethodInvocationHelper.invokeMethod(MethodInvocationHelper.java:141)
	at org.testng.internal.invokers.MethodInvocationHelper.invokeMethodConsideringTimeout(MethodInvocationHelper.java:71)
	at org.testng.internal.invokers.ConfigInvoker.invokeConfigurationMethod(ConfigInvoker.java:400)
	at org.testng.internal.invokers.ConfigInvoker.invokeConfigurations(ConfigInvoker.java:333)
	at org.testng.internal.invokers.TestInvoker.runConfigMethods(TestInvoker.java:836)
	at org.testng.internal.invokers.TestInvoker.runAfterConfigurations(TestInvoker.java:805)
	at org.testng.internal.invokers.TestInvoker.invokeMethod(TestInvoker.java:781)
	at org.testng.internal.invokers.TestInvoker.invokeTestMethod(TestInvoker.java:230)
	at org.testng.internal.invokers.MethodRunner.runInSequence(MethodRunner.java:63)
	at org.testng.internal.invokers.TestInvoker$MethodInvocationAgent.invoke(TestInvoker.java:995)
	at org.testng.internal.invokers.TestInvoker.invokeTestMethods(TestInvoker.java:203)
	at org.testng.internal.invokers.TestMethodWorker.invokeTestMethods(TestMethodWorker.java:154)
	at org.testng.internal.invokers.TestMethodWorker.run(TestMethodWorker.java:134)
	at java.base/java.util.ArrayList.forEach(ArrayList.java:1597)
	at org.testng.TestRunner.privateRun(TestRunner.java:741)
	at org.testng.TestRunner.run(TestRunner.java:616)
	at org.testng.SuiteRunner.runTest(SuiteRunner.java:421)
	at org.testng.SuiteRunner$SuiteWorker.run(SuiteRunner.java:463)
	at org.testng.internal.thread.ThreadUtil.lambda$execute$0(ThreadUtil.java:64)
	at java.base/java.util.concurrent.FutureTask.run(FutureTask.java:317)
	at java.base/java.util.concurrent.ThreadPoolExecutor.runWorker(ThreadPoolExecutor.java:1144)
	at java.base/java.util.concurrent.ThreadPoolExecutor$Worker.run(ThreadPoolExecutor.java:642)
	at java.base/java.lang.Thread.run(Thread.java:1575)
Caused by: java.util.concurrent.ExecutionException: java.io.UncheckedIOException: java.io.IOException: Task jdk.internal.net.http.SocketTube$InternalWriteSubscriber$$Lambda/0x000001cd05281848@5919b023 rejected from java.util.concurrent.ThreadPoolExecutor@71198fa6[Shutting down, pool size = 6, active threads = 2, queued tasks = 0, completed tasks = 260]
	at java.base/java.util.concurrent.CompletableFuture.wrapInExecutionException(CompletableFuture.java:345)
	at java.base/java.util.concurrent.CompletableFuture.reportGet(CompletableFuture.java:440)
	at java.base/java.util.concurrent.CompletableFuture.get(CompletableFuture.java:2140)
	at org.openqa.selenium.remote.service.DriverCommandExecutor.execute(DriverCommandExecutor.java:160)
	... 32 more
Caused by: java.io.UncheckedIOException: java.io.IOException: Task jdk.internal.net.http.SocketTube$InternalWriteSubscriber$$Lambda/0x000001cd05281848@5919b023 rejected from java.util.concurrent.ThreadPoolExecutor@71198fa6[Shutting down, pool size = 6, active threads = 2, queued tasks = 0, completed tasks = 260]
	at org.openqa.selenium.remote.http.jdk.JdkHttpClient.execute0(JdkHttpClient.java:497)
	at org.openqa.selenium.remote.http.AddSeleniumUserAgent.lambda$apply$0(AddSeleniumUserAgent.java:42)
	at org.openqa.selenium.remote.http.Filter.lambda$andFinally$1(Filter.java:55)
	at org.openqa.selenium.remote.http.jdk.JdkHttpClient.lambda$executeAsync$1(JdkHttpClient.java:384)
	at java.base/java.util.concurrent.Executors$RunnableAdapter.call(Executors.java:572)
	... 4 more
Caused by: java.io.IOException: Task jdk.internal.net.http.SocketTube$InternalWriteSubscriber$$Lambda/0x000001cd05281848@5919b023 rejected from java.util.concurrent.ThreadPoolExecutor@71198fa6[Shutting down, pool size = 6, active threads = 2, queued tasks = 0, completed tasks = 260]
	at java.net.http/jdk.internal.net.http.HttpClientImpl.send(HttpClientImpl.java:973)
	at java.net.http/jdk.internal.net.http.HttpClientFacade.send(HttpClientFacade.java:133)
	at org.openqa.selenium.remote.http.jdk.JdkHttpClient.execute0(JdkHttpClient.java:456)
	... 8 more
Caused by: java.util.concurrent.RejectedExecutionException: Task jdk.internal.net.http.SocketTube$InternalWriteSubscriber$$Lambda/0x000001cd05281848@5919b023 rejected from java.util.concurrent.ThreadPoolExecutor@71198fa6[Shutting down, pool size = 6, active threads = 2, queued tasks = 0, completed tasks = 260]
	at java.base/java.util.concurrent.ThreadPoolExecutor$AbortPolicy.rejectedExecution(ThreadPoolExecutor.java:2082)
	at java.base/java.util.concurrent.ThreadPoolExecutor.reject(ThreadPoolExecutor.java:841)
	at java.base/java.util.concurrent.ThreadPoolExecutor.execute(ThreadPoolExecutor.java:1377)
	at java.net.http/jdk.internal.net.http.HttpClientImpl$DelegatingExecutor.ensureExecutedAsync(HttpClientImpl.java:184)
	at java.net.http/jdk.internal.net.http.HttpClientImpl$DelegatingExecutor.execute(HttpClientImpl.java:176)
	at java.net.http/jdk.internal.net.http.SocketTube$InternalWriteSubscriber.startSubscription(SocketTube.java:396)
	at java.net.http/jdk.internal.net.http.AsyncTriggerEvent.handle(AsyncTriggerEvent.java:54)
	at java.net.http/jdk.internal.net.http.HttpClientImpl$SelectorManager.run(HttpClientImpl.java:1325)
]]></failure>
    <system-out><![CDATA[Testcase verifTtextOnProductpage is passed
]]></system-out>
  </testcase>
  <testcase name="closTheApplication" classname="testPackage.TestClass" time="9.309">
    <failure message="Timed out waiting for driver server to stop.&#10;Build info: version: &apos;4.28.1&apos;, revision: &apos;73f5ad48a2&apos;&#10;System info: os.name: &apos;Windows 10&apos;, os.arch: &apos;amd64&apos;, os.version: &apos;10.0&apos;, java.version: &apos;23.0.2&apos;&#10;Driver info: org.openqa.selenium.firefox.FirefoxDriver&#10;Command: [6514ed90-696c-4665-8008-1ec692782c2e, quit {}]&#10;Capabilities {acceptInsecureCerts: true, browserName: firefox, browserVersion: 135.0.1, moz:accessibilityChecks: false, moz:buildID: 20250216192613, moz:debuggerAddress: 127.0.0.1:46248, moz:geckodriverVersion: 0.36.0, moz:headless: false, moz:platformVersion: 10.0, moz:processID: 10204, moz:profile: C:\Users\Personal\AppData\L..., moz:shutdownTimeout: 60000, moz:webdriverClick: true, moz:windowless: false, pageLoadStrategy: normal, platformName: windows, proxy: Proxy(), se:cdp: ws://127.0.0.1:46248/devtoo..., se:cdpVersion: 85.0, setWindowRect: true, strictFileInteractability: false, timeouts: {implicit: 0, pageLoad: 300000, script: 30000}, unhandledPromptBehavior: dismiss and notify, userAgent: Mozilla/5.0 (Windows NT 10....}" type="org.openqa.selenium.WebDriverException"><![CDATA[org.openqa.selenium.WebDriverException: 
Timed out waiting for driver server to stop.
Build info: version: '4.28.1', revision: '73f5ad48a2'
System info: os.name: 'Windows 10', os.arch: 'amd64', os.version: '10.0', java.version: '23.0.2'
Driver info: org.openqa.selenium.firefox.FirefoxDriver
Command: [6514ed90-696c-4665-8008-1ec692782c2e, quit {}]
Capabilities {acceptInsecureCerts: true, browserName: firefox, browserVersion: 135.0.1, moz:accessibilityChecks: false, moz:buildID: 20250216192613, moz:debuggerAddress: 127.0.0.1:46248, moz:geckodriverVersion: 0.36.0, moz:headless: false, moz:platformVersion: 10.0, moz:processID: 10204, moz:profile: C:\Users\Personal\AppData\L..., moz:shutdownTimeout: 60000, moz:webdriverClick: true, moz:windowless: false, pageLoadStrategy: normal, platformName: windows, proxy: Proxy(), se:cdp: ws://127.0.0.1:46248/devtoo..., se:cdpVersion: 85.0, setWindowRect: true, strictFileInteractability: false, timeouts: {implicit: 0, pageLoad: 300000, script: 30000}, unhandledPromptBehavior: dismiss and notify, userAgent: Mozilla/5.0 (Windows NT 10....}
	at org.openqa.selenium.remote.service.DriverCommandExecutor.execute(DriverCommandExecutor.java:164)
	at org.openqa.selenium.remote.RemoteWebDriver.execute(RemoteWebDriver.java:545)
	at org.openqa.selenium.remote.RemoteWebDriver.execute(RemoteWebDriver.java:618)
	at org.openqa.selenium.remote.RemoteWebDriver.execute(RemoteWebDriver.java:622)
	at org.openqa.selenium.remote.RemoteWebDriver.quit(RemoteWebDriver.java:446)
	at org.openqa.selenium.firefox.FirefoxDriver.quit(FirefoxDriver.java:404)
	at basePackage.BaseClass.closeBrowser(BaseClass.java:51)
	at testPackage.TestClass.closTheApplication(TestClass.java:97)
	at java.base/jdk.internal.reflect.DirectMethodHandleAccessor.invoke(DirectMethodHandleAccessor.java:103)
	at java.base/java.lang.reflect.Method.invoke(Method.java:580)
	at org.testng.internal.invokers.MethodInvocationHelper.invokeMethod(MethodInvocationHelper.java:141)
	at org.testng.internal.invokers.MethodInvocationHelper.invokeMethodConsideringTimeout(MethodInvocationHelper.java:71)
	at org.testng.internal.invokers.ConfigInvoker.invokeConfigurationMethod(ConfigInvoker.java:400)
	at org.testng.internal.invokers.ConfigInvoker.invokeConfigurations(ConfigInvoker.java:333)
	at org.testng.internal.invokers.TestInvoker.runConfigMethods(TestInvoker.java:836)
	at org.testng.internal.invokers.TestInvoker.runAfterConfigurations(TestInvoker.java:805)
	at org.testng.internal.invokers.TestInvoker.invokeMethod(TestInvoker.java:781)
	at org.testng.internal.invokers.TestInvoker.invokeTestMethod(TestInvoker.java:230)
	at org.testng.internal.invokers.MethodRunner.runInSequence(MethodRunner.java:63)
	at org.testng.internal.invokers.TestInvoker$MethodInvocationAgent.invoke(TestInvoker.java:995)
	at org.testng.internal.invokers.TestInvoker.invokeTestMethods(TestInvoker.java:203)
	at org.testng.internal.invokers.TestMethodWorker.invokeTestMethods(TestMethodWorker.java:154)
	at org.testng.internal.invokers.TestMethodWorker.run(TestMethodWorker.java:134)
	at java.base/java.util.ArrayList.forEach(ArrayList.java:1597)
	at org.testng.TestRunner.privateRun(TestRunner.java:741)
	at org.testng.TestRunner.run(TestRunner.java:616)
	at org.testng.SuiteRunner.runTest(SuiteRunner.java:421)
	at org.testng.SuiteRunner$SuiteWorker.run(SuiteRunner.java:463)
	at org.testng.internal.thread.ThreadUtil.lambda$execute$0(ThreadUtil.java:64)
	at java.base/java.util.concurrent.FutureTask.run(FutureTask.java:317)
	at java.base/java.util.concurrent.ThreadPoolExecutor.runWorker(ThreadPoolExecutor.java:1144)
	at java.base/java.util.concurrent.ThreadPoolExecutor$Worker.run(ThreadPoolExecutor.java:642)
	at java.base/java.lang.Thread.run(Thread.java:1575)
Caused by: java.util.concurrent.ExecutionException: java.util.concurrent.RejectedExecutionException: Task java.util.concurrent.FutureTask@15fc3a5c[Not completed, task = java.util.concurrent.Executors$RunnableAdapter@1f04512c[Wrapped task = org.openqa.selenium.remote.http.jdk.JdkHttpClient$$Lambda/0x000001cd0521f308@11c3bcbc]] rejected from java.util.concurrent.ThreadPoolExecutor@71198fa6[Shutting down, pool size = 6, active threads = 2, queued tasks = 0, completed tasks = 260]
	at java.base/java.util.concurrent.CompletableFuture.wrapInExecutionException(CompletableFuture.java:345)
	at java.base/java.util.concurrent.CompletableFuture.reportGet(CompletableFuture.java:440)
	at java.base/java.util.concurrent.CompletableFuture.get(CompletableFuture.java:2140)
	at org.openqa.selenium.remote.service.DriverCommandExecutor.execute(DriverCommandExecutor.java:160)
	... 32 more
Caused by: java.util.concurrent.RejectedExecutionException: Task java.util.concurrent.FutureTask@15fc3a5c[Not completed, task = java.util.concurrent.Executors$RunnableAdapter@1f04512c[Wrapped task = org.openqa.selenium.remote.http.jdk.JdkHttpClient$$Lambda/0x000001cd0521f308@11c3bcbc]] rejected from java.util.concurrent.ThreadPoolExecutor@71198fa6[Shutting down, pool size = 6, active threads = 2, queued tasks = 0, completed tasks = 260]
	at java.base/java.util.concurrent.ThreadPoolExecutor$AbortPolicy.rejectedExecution(ThreadPoolExecutor.java:2082)
	at java.base/java.util.concurrent.ThreadPoolExecutor.reject(ThreadPoolExecutor.java:841)
	at java.base/java.util.concurrent.ThreadPoolExecutor.execute(ThreadPoolExecutor.java:1377)
	at java.base/java.util.concurrent.AbstractExecutorService.submit(AbstractExecutorService.java:124)
	at org.openqa.selenium.remote.http.jdk.JdkHttpClient.executeAsync(JdkHttpClient.java:381)
	at org.openqa.selenium.remote.http.jdk.JdkHttpClient.execute(JdkHttpClient.java:410)
	at org.openqa.selenium.remote.HttpCommandExecutor.execute(HttpCommandExecutor.java:212)
	at org.openqa.selenium.remote.service.DriverCommandExecutor.invokeExecute(DriverCommandExecutor.java:216)
	at org.openqa.selenium.remote.service.DriverCommandExecutor.lambda$execute$1(DriverCommandExecutor.java:126)
	at java.base/java.util.concurrent.CompletableFuture$AsyncSupply.run(CompletableFuture.java:1812)
	... 3 more
]]></failure>
  </testcase>
  <testcase name="closTheApplication" classname="testPackage.TestClass" time="0.0">
    <skipped/>
    <system-out><![CDATA[Testcase a is skipped
]]></system-out>
  </testcase>
  <testcase name="closTheApplication" classname="testPackage.TestClass" time="0.0">
    <skipped/>
  </testcase>
  <testcase name="closTheApplication" classname="testPackage.TestClass" time="0.0">
    <skipped/>
    <system-out><![CDATA[Testcase b is skipped
]]></system-out>
  </testcase>
  <testcase name="closTheApplication" classname="testPackage.TestClass" time="0.0">
    <skipped/>
  </testcase>
  <testcase name="closTheApplication" classname="testPackage.TestClass" time="0.0">
    <skipped/>
  </testcase>
  <testcase name="closTheApplication" classname="testPackage.TestClass" time="0.0">
    <skipped/>
    <system-out><![CDATA[Testcase b is skipped
]]></system-out>
  </testcase>
  <testcase name="closTheApplication" classname="testPackage.TestClass" time="0.0">
    <skipped/>
    <system-out><![CDATA[Testcase c is skipped
]]></system-out>
  </testcase>
  <testcase name="closTheApplication" classname="testPackage.TestClass" time="0.0">
    <skipped/>
  </testcase>
  <testcase name="objectCreationOfPomClasses" classname="testPackage.TestClass" time="0.0">
    <skipped/>
  </testcase>
  <testcase name="objectCreationOfPomClasses" classname="testPackage.TestClass" time="0.0">
    <skipped/>
  </testcase>
  <testcase name="objectCreationOfPomClasses" classname="testPackage.TestClass" time="0.0">
    <skipped/>
  </testcase>
  <testcase name="objectCreationOfPomClasses" classname="testPackage.TestClass" time="0.0">
    <skipped/>
  </testcase>
  <testcase name="objectCreationOfPomClasses" classname="testPackage.TestClass" time="0.0">
    <skipped/>
  </testcase>
  <testcase name="objectCreationOfPomClasses" classname="testPackage.TestClass" time="0.0">
    <skipped/>
    <system-out><![CDATA[Testcase b is skipped
]]></system-out>
  </testcase>
  <testcase name="objectCreationOfPomClasses" classname="testPackage.TestClass" time="0.0">
    <skipped/>
  </testcase>
  <testcase name="objectCreationOfPomClasses" classname="testPackage.TestClass" time="0.0">
    <skipped/>
    <system-out><![CDATA[Testcase c is skipped
]]></system-out>
  </testcase>
  <testcase name="a" classname="testPackage.TestClass" time="0.0">
    <skipped message="Timed out waiting for driver server to stop.&#10;Build info: version: &apos;4.28.1&apos;, revision: &apos;73f5ad48a2&apos;&#10;System info: os.name: &apos;Windows 10&apos;, os.arch: &apos;amd64&apos;, os.version: &apos;10.0&apos;, java.version: &apos;23.0.2&apos;&#10;Driver info: org.openqa.selenium.firefox.FirefoxDriver&#10;Command: [6514ed90-696c-4665-8008-1ec692782c2e, quit {}]&#10;Capabilities {acceptInsecureCerts: true, browserName: firefox, browserVersion: 135.0.1, moz:accessibilityChecks: false, moz:buildID: 20250216192613, moz:debuggerAddress: 127.0.0.1:46248, moz:geckodriverVersion: 0.36.0, moz:headless: false, moz:platformVersion: 10.0, moz:processID: 10204, moz:profile: C:\Users\Personal\AppData\L..., moz:shutdownTimeout: 60000, moz:webdriverClick: true, moz:windowless: false, pageLoadStrategy: normal, platformName: windows, proxy: Proxy(), se:cdp: ws://127.0.0.1:46248/devtoo..., se:cdpVersion: 85.0, setWindowRect: true, strictFileInteractability: false, timeouts: {implicit: 0, pageLoad: 300000, script: 30000}, unhandledPromptBehavior: dismiss and notify, userAgent: Mozilla/5.0 (Windows NT 10....}"/>
  </testcase>
  <testcase name="a" classname="testPackage.TestClass" time="0.0">
    <skipped message="Timed out waiting for driver server to stop.&#10;Build info: version: &apos;4.28.1&apos;, revision: &apos;73f5ad48a2&apos;&#10;System info: os.name: &apos;Windows 10&apos;, os.arch: &apos;amd64&apos;, os.version: &apos;10.0&apos;, java.version: &apos;23.0.2&apos;&#10;Driver info: org.openqa.selenium.firefox.FirefoxDriver&#10;Command: [6514ed90-696c-4665-8008-1ec692782c2e, quit {}]&#10;Capabilities {acceptInsecureCerts: true, browserName: firefox, browserVersion: 135.0.1, moz:accessibilityChecks: false, moz:buildID: 20250216192613, moz:debuggerAddress: 127.0.0.1:46248, moz:geckodriverVersion: 0.36.0, moz:headless: false, moz:platformVersion: 10.0, moz:processID: 10204, moz:profile: C:\Users\Personal\AppData\L..., moz:shutdownTimeout: 60000, moz:webdriverClick: true, moz:windowless: false, pageLoadStrategy: normal, platformName: windows, proxy: Proxy(), se:cdp: ws://127.0.0.1:46248/devtoo..., se:cdpVersion: 85.0, setWindowRect: true, strictFileInteractability: false, timeouts: {implicit: 0, pageLoad: 300000, script: 30000}, unhandledPromptBehavior: dismiss and notify, userAgent: Mozilla/5.0 (Windows NT 10....}"/>
    <system-out><![CDATA[Testcase a is skipped
]]></system-out>
  </testcase>
  <testcase name="a" classname="testPackage.TestClass" time="0.04">
    <system-out><![CDATA[Hello method a is running
]]></system-out>
  </testcase>
  <testcase name="b" classname="testPackage.TestClass" time="0.0">
    <skipped message="Timed out waiting for driver server to stop.&#10;Build info: version: &apos;4.28.1&apos;, revision: &apos;73f5ad48a2&apos;&#10;System info: os.name: &apos;Windows 10&apos;, os.arch: &apos;amd64&apos;, os.version: &apos;10.0&apos;, java.version: &apos;23.0.2&apos;&#10;Driver info: org.openqa.selenium.firefox.FirefoxDriver&#10;Command: [6514ed90-696c-4665-8008-1ec692782c2e, quit {}]&#10;Capabilities {acceptInsecureCerts: true, browserName: firefox, browserVersion: 135.0.1, moz:accessibilityChecks: false, moz:buildID: 20250216192613, moz:debuggerAddress: 127.0.0.1:46248, moz:geckodriverVersion: 0.36.0, moz:headless: false, moz:platformVersion: 10.0, moz:processID: 10204, moz:profile: C:\Users\Personal\AppData\L..., moz:shutdownTimeout: 60000, moz:webdriverClick: true, moz:windowless: false, pageLoadStrategy: normal, platformName: windows, proxy: Proxy(), se:cdp: ws://127.0.0.1:46248/devtoo..., se:cdpVersion: 85.0, setWindowRect: true, strictFileInteractability: false, timeouts: {implicit: 0, pageLoad: 300000, script: 30000}, unhandledPromptBehavior: dismiss and notify, userAgent: Mozilla/5.0 (Windows NT 10....}"/>
  </testcase>
  <testcase name="b" classname="testPackage.TestClass" time="0.0">
    <skipped message="Timed out waiting for driver server to stop.&#10;Build info: version: &apos;4.28.1&apos;, revision: &apos;73f5ad48a2&apos;&#10;System info: os.name: &apos;Windows 10&apos;, os.arch: &apos;amd64&apos;, os.version: &apos;10.0&apos;, java.version: &apos;23.0.2&apos;&#10;Driver info: org.openqa.selenium.firefox.FirefoxDriver&#10;Command: [6514ed90-696c-4665-8008-1ec692782c2e, quit {}]&#10;Capabilities {acceptInsecureCerts: true, browserName: firefox, browserVersion: 135.0.1, moz:accessibilityChecks: false, moz:buildID: 20250216192613, moz:debuggerAddress: 127.0.0.1:46248, moz:geckodriverVersion: 0.36.0, moz:headless: false, moz:platformVersion: 10.0, moz:processID: 10204, moz:profile: C:\Users\Personal\AppData\L..., moz:shutdownTimeout: 60000, moz:webdriverClick: true, moz:windowless: false, pageLoadStrategy: normal, platformName: windows, proxy: Proxy(), se:cdp: ws://127.0.0.1:46248/devtoo..., se:cdpVersion: 85.0, setWindowRect: true, strictFileInteractability: false, timeouts: {implicit: 0, pageLoad: 300000, script: 30000}, unhandledPromptBehavior: dismiss and notify, userAgent: Mozilla/5.0 (Windows NT 10....}"/>
    <system-out><![CDATA[Testcase b is skipped
]]></system-out>
  </testcase>
  <testcase name="b" classname="testPackage.TestClass" time="0.0">
    <skipped message="Timed out waiting for driver server to stop.&#10;Build info: version: &apos;4.28.1&apos;, revision: &apos;73f5ad48a2&apos;&#10;System info: os.name: &apos;Windows 10&apos;, os.arch: &apos;amd64&apos;, os.version: &apos;10.0&apos;, java.version: &apos;23.0.2&apos;&#10;Driver info: org.openqa.selenium.firefox.FirefoxDriver&#10;Command: [6514ed90-696c-4665-8008-1ec692782c2e, quit {}]&#10;Capabilities {acceptInsecureCerts: true, browserName: firefox, browserVersion: 135.0.1, moz:accessibilityChecks: false, moz:buildID: 20250216192613, moz:debuggerAddress: 127.0.0.1:46248, moz:geckodriverVersion: 0.36.0, moz:headless: false, moz:platformVersion: 10.0, moz:processID: 10204, moz:profile: C:\Users\Personal\AppData\L..., moz:shutdownTimeout: 60000, moz:webdriverClick: true, moz:windowless: false, pageLoadStrategy: normal, platformName: windows, proxy: Proxy(), se:cdp: ws://127.0.0.1:46248/devtoo..., se:cdpVersion: 85.0, setWindowRect: true, strictFileInteractability: false, timeouts: {implicit: 0, pageLoad: 300000, script: 30000}, unhandledPromptBehavior: dismiss and notify, userAgent: Mozilla/5.0 (Windows NT 10....}"/>
  </testcase>
  <testcase name="b" classname="testPackage.TestClass" time="0.0">
    <skipped message="Timed out waiting for driver server to stop.&#10;Build info: version: &apos;4.28.1&apos;, revision: &apos;73f5ad48a2&apos;&#10;System info: os.name: &apos;Windows 10&apos;, os.arch: &apos;amd64&apos;, os.version: &apos;10.0&apos;, java.version: &apos;23.0.2&apos;&#10;Driver info: org.openqa.selenium.firefox.FirefoxDriver&#10;Command: [6514ed90-696c-4665-8008-1ec692782c2e, quit {}]&#10;Capabilities {acceptInsecureCerts: true, browserName: firefox, browserVersion: 135.0.1, moz:accessibilityChecks: false, moz:buildID: 20250216192613, moz:debuggerAddress: 127.0.0.1:46248, moz:geckodriverVersion: 0.36.0, moz:headless: false, moz:platformVersion: 10.0, moz:processID: 10204, moz:profile: C:\Users\Personal\AppData\L..., moz:shutdownTimeout: 60000, moz:webdriverClick: true, moz:windowless: false, pageLoadStrategy: normal, platformName: windows, proxy: Proxy(), se:cdp: ws://127.0.0.1:46248/devtoo..., se:cdpVersion: 85.0, setWindowRect: true, strictFileInteractability: false, timeouts: {implicit: 0, pageLoad: 300000, script: 30000}, unhandledPromptBehavior: dismiss and notify, userAgent: Mozilla/5.0 (Windows NT 10....}"/>
  </testcase>
  <testcase name="b" classname="testPackage.TestClass" time="0.002">
    <system-out><![CDATA[Testcase a is passed
Hello method b is running
]]></system-out>
  </testcase>
  <testcase name="b" classname="testPackage.TestClass" time="0.004">
    <system-out><![CDATA[Testcase b is passed
Hello method b is running
]]></system-out>
  </testcase>
  <testcase name="c" classname="testPackage.TestClass" time="0.0">
    <skipped message="Timed out waiting for driver server to stop.&#10;Build info: version: &apos;4.28.1&apos;, revision: &apos;73f5ad48a2&apos;&#10;System info: os.name: &apos;Windows 10&apos;, os.arch: &apos;amd64&apos;, os.version: &apos;10.0&apos;, java.version: &apos;23.0.2&apos;&#10;Driver info: org.openqa.selenium.firefox.FirefoxDriver&#10;Command: [6514ed90-696c-4665-8008-1ec692782c2e, quit {}]&#10;Capabilities {acceptInsecureCerts: true, browserName: firefox, browserVersion: 135.0.1, moz:accessibilityChecks: false, moz:buildID: 20250216192613, moz:debuggerAddress: 127.0.0.1:46248, moz:geckodriverVersion: 0.36.0, moz:headless: false, moz:platformVersion: 10.0, moz:processID: 10204, moz:profile: C:\Users\Personal\AppData\L..., moz:shutdownTimeout: 60000, moz:webdriverClick: true, moz:windowless: false, pageLoadStrategy: normal, platformName: windows, proxy: Proxy(), se:cdp: ws://127.0.0.1:46248/devtoo..., se:cdpVersion: 85.0, setWindowRect: true, strictFileInteractability: false, timeouts: {implicit: 0, pageLoad: 300000, script: 30000}, unhandledPromptBehavior: dismiss and notify, userAgent: Mozilla/5.0 (Windows NT 10....}"/>
  </testcase>
  <testcase name="c" classname="testPackage.TestClass" time="0.0">
    <skipped message="Timed out waiting for driver server to stop.&#10;Build info: version: &apos;4.28.1&apos;, revision: &apos;73f5ad48a2&apos;&#10;System info: os.name: &apos;Windows 10&apos;, os.arch: &apos;amd64&apos;, os.version: &apos;10.0&apos;, java.version: &apos;23.0.2&apos;&#10;Driver info: org.openqa.selenium.firefox.FirefoxDriver&#10;Command: [6514ed90-696c-4665-8008-1ec692782c2e, quit {}]&#10;Capabilities {acceptInsecureCerts: true, browserName: firefox, browserVersion: 135.0.1, moz:accessibilityChecks: false, moz:buildID: 20250216192613, moz:debuggerAddress: 127.0.0.1:46248, moz:geckodriverVersion: 0.36.0, moz:headless: false, moz:platformVersion: 10.0, moz:processID: 10204, moz:profile: C:\Users\Personal\AppData\L..., moz:shutdownTimeout: 60000, moz:webdriverClick: true, moz:windowless: false, pageLoadStrategy: normal, platformName: windows, proxy: Proxy(), se:cdp: ws://127.0.0.1:46248/devtoo..., se:cdpVersion: 85.0, setWindowRect: true, strictFileInteractability: false, timeouts: {implicit: 0, pageLoad: 300000, script: 30000}, unhandledPromptBehavior: dismiss and notify, userAgent: Mozilla/5.0 (Windows NT 10....}"/>
  </testcase>
  <testcase name="c" classname="testPackage.TestClass" time="0.004">
    <system-out><![CDATA[Testcase b is passed
Hello method c is running
]]></system-out>
  </testcase>
  <testcase name="quitBrowser" classname="testPackage.TestClass" time="0.0">
    <skipped/>
  </testcase>
  <testcase name="quitBrowser" classname="testPackage.TestClass" time="0.0">
    <skipped/>
  </testcase>
</testsuite>