<?xml version="1.0" encoding="UTF-8"?>
<!-- Generated by org.testng.reporters.JUnitXMLReporter -->
<testsuite ignored="0" hostname="DESKTOP-QJ3QPCM" failures="0" tests="5" name="chromeTest" time="35.017" errors="0" timestamp="2025-02-28T15:15:19 IST">
  <testcase classname="testPackage.TestClass" name="verifTtextOnProductpage" time="8.599"/>
  <testcase classname="testPackage.TestClass" name="a" time="0.031"/>
  <testcase classname="testPackage.TestClass" name="b" time="0.012"/>
  <testcase classname="testPackage.TestClass" name="b" time="0.005"/>
  <testcase classname="testPackage.TestClass" name="c" time="0.017"/>
</testsuite> <!-- chromeTest -->
