<?xml version="1.0" encoding="UTF-8"?>
<!-- Generated by org.testng.reporters.JUnitXMLReporter -->
<testsuite ignored="0" hostname="DESKTOP-QJ3QPCM" failures="0" tests="5" name="firefoxTest" time="38.314" errors="0" timestamp="2025-02-28T15:15:58 IST">
  <testcase classname="testPackage.TestClass" name="verifTtextOnProductpage" time="6.36"/>
  <testcase classname="testPackage.TestClass" name="a" time="0.008"/>
  <testcase classname="testPackage.TestClass" name="b" time="0.01"/>
  <testcase classname="testPackage.TestClass" name="b" time="0.008"/>
  <testcase classname="testPackage.TestClass" name="c" time="0.006"/>
</testsuite> <!-- firefoxTest -->
